<?xml version="1.0" encoding="UTF-8"?>
<!-- Generated by org.testng.reporters.JUnitXMLReporter -->
<testsuite ignored="8" hostname="Robin" failures="0" tests="2" name="grong" time="0.042" errors="0" timestamp="2022-10-07T08:39:28 IST">
  <testcase classname="practice.practice" name="test3" time="0.008"/>
  <testcase classname="practice.practice2" name="test8" time="0.001"/>
  <testcase classname="practice.practice" name="test4" time="0.0">
    <ignored/>
  </testcase> <!-- test4 -->
  <testcase classname="practice.practice" name="test5" time="0.0">
    <ignored/>
  </testcase> <!-- test5 -->
  <testcase classname="practice.practice" name="test2" time="0.0">
    <ignored/>
  </testcase> <!-- test2 -->
  <testcase classname="practice.practice2" name="test6" time="0.0">
    <ignored/>
  </testcase> <!-- test6 -->
  <testcase classname="practice.practice" name="test1" time="0.0">
    <ignored/>
  </testcase> <!-- test1 -->
  <testcase classname="practice.practice2" name="test7" time="0.0">
    <ignored/>
  </testcase> <!-- test7 -->
  <testcase classname="practice.practice2" name="test10" time="0.0">
    <ignored/>
  </testcase> <!-- test10 -->
  <testcase classname="practice.practice2" name="test9" time="0.0">
    <ignored/>
  </testcase> <!-- test9 -->
</testsuite> <!-- grong -->
