<?xml version="1.0" encoding="UTF-8"?>
<!-- Generated by org.testng.reporters.JUnitXMLReporter -->
<testsuite ignored="0" hostname="Robin" failures="0" tests="6" name="dependency" time="0.043" errors="0" timestamp="2022-10-10T19:53:32 IST">
  <testcase classname="practice.groupin" name="test1" time="0.006"/>
  <testcase classname="practice.groupin" name="test2" time="0.001"/>
  <testcase classname="practice.groupin" name="test5" time="0.0"/>
  <testcase classname="practice.groupin" name="test6" time="0.002"/>
  <testcase classname="practice.groupin" name="test3" time="0.002"/>
  <testcase classname="practice.groupin" name="test4" time="0.001"/>
</testsuite> <!-- dependency -->
