<?xml version="1.0" encoding="UTF-8"?>
<!-- Generated by org.testng.reporters.JUnitXMLReporter -->
<testsuite ignored="3" hostname="Robin" failures="0" tests="6" name="grouping" time="0.054" errors="0" timestamp="2022-10-07T10:15:21 IST">
  <testcase classname="practice.practice" name="test1" time="0.008"/>
  <testcase classname="practice.practice" name="test2" time="0.001"/>
  <testcase classname="practice.practice" name="test3" time="0.001"/>
  <testcase classname="practice.practice2" name="test6" time="0.001"/>
  <testcase classname="practice.practice2" name="test7" time="0.0"/>
  <testcase classname="practice.practice2" name="test9" time="0.001"/>
  <testcase classname="practice.practice" name="test4" time="0.0">
    <ignored/>
  </testcase> <!-- test4 -->
  <testcase classname="practice.practice2" name="test8" time="0.0">
    <ignored/>
  </testcase> <!-- test8 -->
  <testcase classname="practice.practice2" name="test10" time="0.0">
    <ignored/>
  </testcase> <!-- test10 -->
</testsuite> <!-- grouping -->
