<?xml version="1.0" encoding="UTF-8"?>
<!-- Generated by org.testng.reporters.JUnitXMLReporter -->
<testsuite ignored="2" hostname="Robin" failures="0" tests="4" name="Test" time="0.048" errors="0" timestamp="2022-12-15T08:10:17 IST">
  <testcase classname="testng.intro" name="test1" time="0.0"/>
  <testcase classname="testng.intro" name="test2" time="0.0"/>
  <testcase classname="testng.intro" name="test4" time="0.0"/>
  <testcase classname="testng.intro" name="test5" time="0.0"/>
  <testcase classname="testng.intro" name="test3" time="0.0">
    <ignored/>
  </testcase> <!-- test3 -->
  <testcase classname="testng.intro" name="test6" time="0.0">
    <ignored/>
  </testcase> <!-- test6 -->
</testsuite> <!-- Test -->
