<?xml version="1.0" encoding="UTF-8"?>
<!-- Generated by org.testng.reporters.JUnitXMLReporter -->
<testsuite ignored="0" hostname="Robin" failures="0" tests="8" name="Test1" time="0.047" errors="0" timestamp="2022-12-15T09:07:50 IST">
  <testcase classname="groupin.NewTest1" name="test10" time="0.015"/>
  <testcase classname="groupin.NewTest1" name="test11" time="0.0"/>
  <testcase classname="groupin.NewTest1" name="test12" time="0.0"/>
  <testcase classname="groupin.NewTest1" name="test13" time="0.0"/>
  <testcase classname="groupin.NewTest1" name="test14" time="0.0"/>
  <testcase classname="groupin.NewTest1" name="test15" time="0.0"/>
  <testcase classname="groupin.NewTest1" name="test16" time="0.0"/>
  <testcase classname="groupin.NewTest1" name="test9" time="0.0"/>
</testsuite> <!-- Test1 -->
