<?xml version="1.0" encoding="UTF-8"?>
<!-- Generated by org.testng.reporters.JUnitXMLReporter -->
<testsuite ignored="0" hostname="Robin" failures="0" tests="4" name="Test3" time="0.007" errors="0" timestamp="2022-10-10T21:19:42 IST">
  <testcase classname="practice.groupin" name="test0" time="0.001"/>
  <testcase classname="practice.groupin" name="test1" time="0.001"/>
  <testcase classname="practice.groupin" name="test2" time="0.001"/>
  <testcase classname="practice.groupin" name="test3" time="0.001"/>
</testsuite> <!-- Test3 -->
