<?xml version="1.0" encoding="UTF-8"?>
<!-- Generated by org.testng.reporters.JUnitXMLReporter -->
<testsuite ignored="1" hostname="Robin" failures="0" tests="2" name="para" time="5.496" errors="0" timestamp="2022-10-03T10:38:49 IST">
  <testcase classname="practice.para" name="launchapp" time="2.461"/>
  <testcase classname="practice.para" name="logindetails" time="1.508"/>
  <testcase classname="practice.para" name="currenturl" time="0.0">
    <ignored/>
  </testcase> <!-- currenturl -->
</testsuite> <!-- para -->
