<?xml version="1.0" encoding="UTF-8"?>
<!-- Generated by org.testng.reporters.JUnitXMLReporter -->
<testsuite ignored="1" hostname="Robin" failures="0" tests="2" name="amazontest" time="43.189" errors="0" timestamp="2022-09-28T20:02:40 IST">
  <testcase classname="testng.annotations" name="launchbrowser" time="4.113"/>
  <testcase classname="testng.annotations" name="navigatetomobiles" time="37.57"/>
  <testcase classname="testng.annotations" name="searchforproduct" time="0.0">
    <ignored/>
  </testcase> <!-- searchforproduct -->
</testsuite> <!-- amazontest -->
